<?xml version="1.0" encoding="UTF-8"?>
<!-- Generated by org.testng.reporters.JUnitReportReporter -->
<testsuite skipped="0" hostname="DESKTOP-R4A346R" name="Runner.RunCuke" tests="1" failures="0" timestamp="2020-05-31T02:14:07 IST" time="70.132" errors="0">
  <testcase name="feature" time="70.132" classname="Runner.RunCuke"/>
  <system-out/>
</testsuite> <!-- Runner.RunCuke -->
