<?xml version="1.0" encoding="UTF-8"?>
<!-- Generated by org.testng.reporters.JUnitReportReporter -->
<testsuite skipped="0" hostname="DESKTOP-R4A346R" name="Runner.RunCuke" tests="1" failures="0" timestamp="2020-06-04T18:49:59 IST" time="101.816" errors="0">
  <testcase name="feature" time="101.816" classname="Runner.RunCuke"/>
  <system-out/>
</testsuite> <!-- Runner.RunCuke -->
